Сборка начата 03.03.2016 20:47:22.
     1>Проект "C:\GitHub\OOP\Lab1\Extract\Extract\Extract.vcxproj" в узле 2 (целевые объекты Build).
     1>ClCompile:
         C:\Program Files (x86)\Microsoft Visual Studio 14.0\VC\bin\CL.exe /c /ZI /nologo /W3 /WX- /sdl /Od /Oy- /D WIN32 /D _DEBUG /D _CONSOLE /D _UNICODE /D UNICODE /Gm /EHsc /RTC1 /MDd /GS /fp:precise /Zc:wchar_t /Zc:forScope /Zc:inline /Yu"stdafx.h" /Fp"Debug\Extract.pch" /Fo"Debug\\" /Fd"Debug\vc140.pdb" /Gd /TP /analyze- /errorReport:prompt Extract.cpp
         Extract.cpp
       Link:
         C:\Program Files (x86)\Microsoft Visual Studio 14.0\VC\bin\link.exe /ERRORREPORT:PROMPT /OUT:"C:\GitHub\OOP\Lab1\Extract\Debug\Extract.exe" /INCREMENTAL /NOLOGO kernel32.lib user32.lib gdi32.lib winspool.lib comdlg32.lib advapi32.lib shell32.lib ole32.lib oleaut32.lib uuid.lib odbc32.lib odbccp32.lib /MANIFEST /MANIFESTUAC:"level='asInvoker' uiAccess='false'" /manifest:embed /Debug /PDB:"C:\GitHub\OOP\Lab1\Extract\Debug\Extract.pdb" /SUBSYSTEM:CONSOLE /TLBID:1 /DYNAMICBASE /NXCOMPAT /IMPLIB:"C:\GitHub\OOP\Lab1\Extract\Debug\Extract.lib" /MACHINE:X86 Debug\Extract.obj
         Debug\stdafx.obj
         Extract.vcxproj -> C:\GitHub\OOP\Lab1\Extract\Debug\Extract.exe
       PostBuildEvent:
         test.bat "C:\GitHub\OOP\Lab1\Extract\Debug\Extract.exe"
         :VCEnd
         Подпапка или файл OUT уже существует.
         "1"
         "1"
         "1"
         "1"
         "1"
         OK
     1>Сборка проекта "C:\GitHub\OOP\Lab1\Extract\Extract\Extract.vcxproj" завершена (целевые объекты Build).

Сборка успешно завершена.

Затраченное время: 00:00:06.81
